GAS LISTING /tmp/ccJOwwFX.s 			page 1


   1               		.file	"main.c"
   2               	__SP_H__ = 0x3e
   3               	__SP_L__ = 0x3d
   4               	__SREG__ = 0x3f
   5               	__tmp_reg__ = 0
   6               	__zero_reg__ = 1
   7               		.stabs	"/home/jon/prog/c/avr/repware/",100,0,2,.Ltext0
   8               		.stabs	"main.c",100,0,2,.Ltext0
   9               		.text
  10               	.Ltext0:
  11               		.stabs	"gcc2_compiled.",60,0,0,0
  12               		.stabs	"int:t(0,1)=r(0,1);-32768;32767;",128,0,0,0
  13               		.stabs	"char:t(0,2)=@s8;r(0,2);0;255;",128,0,0,0
  14               		.stabs	"long int:t(0,3)=@s32;r(0,3);020000000000;017777777777;",128,0,0,0
  15               		.stabs	"unsigned int:t(0,4)=r(0,4);0;0177777;",128,0,0,0
  16               		.stabs	"long unsigned int:t(0,5)=@s32;r(0,5);0;037777777777;",128,0,0,0
  17               		.stabs	"long long int:t(0,6)=@s64;r(0,6);01000000000000000000000;0777777777777777777777;",128,0,0,
  18               		.stabs	"long long unsigned int:t(0,7)=@s64;r(0,7);0;01777777777777777777777;",128,0,0,0
  19               		.stabs	"short int:t(0,8)=r(0,8);-32768;32767;",128,0,0,0
  20               		.stabs	"short unsigned int:t(0,9)=r(0,9);0;0177777;",128,0,0,0
  21               		.stabs	"signed char:t(0,10)=@s8;r(0,10);-128;127;",128,0,0,0
  22               		.stabs	"unsigned char:t(0,11)=@s8;r(0,11);0;255;",128,0,0,0
  23               		.stabs	"float:t(0,12)=r(0,1);4;0;",128,0,0,0
  24               		.stabs	"double:t(0,13)=r(0,1);4;0;",128,0,0,0
  25               		.stabs	"long double:t(0,14)=r(0,1);4;0;",128,0,0,0
  26               		.stabs	"void:t(0,15)=(0,15)",128,0,0,0
  27               		.stabs	"/usr/lib/gcc/avr/4.7.0/../../../avr/include/avr/io.h",130,0,0,0
  28               		.stabs	"/usr/lib/gcc/avr/4.7.0/../../../avr/include/avr/sfr_defs.h",130,0,0,0
  29               		.stabs	"/usr/lib/gcc/avr/4.7.0/../../../avr/include/inttypes.h",130,0,0,0
  30               		.stabs	"/usr/lib/gcc/avr/4.7.0/include/stdint.h",130,0,0,0
  31               		.stabs	"/usr/lib/gcc/avr/4.7.0/../../../avr/include/stdint.h",130,0,0,0
  32               		.stabs	"int8_t:t(5,1)=(0,10)",128,0,121,0
  33               		.stabs	"uint8_t:t(5,2)=(0,11)",128,0,122,0
  34               		.stabs	"int16_t:t(5,3)=(0,1)",128,0,123,0
  35               		.stabs	"uint16_t:t(5,4)=(0,4)",128,0,124,0
  36               		.stabs	"int32_t:t(5,5)=(0,3)",128,0,125,0
  37               		.stabs	"uint32_t:t(5,6)=(0,5)",128,0,126,0
  38               		.stabs	"int64_t:t(5,7)=(0,6)",128,0,128,0
  39               		.stabs	"uint64_t:t(5,8)=(0,7)",128,0,129,0
  40               		.stabs	"intptr_t:t(5,9)=(5,3)",128,0,142,0
  41               		.stabs	"uintptr_t:t(5,10)=(5,4)",128,0,147,0
  42               		.stabs	"int_least8_t:t(5,11)=(5,1)",128,0,159,0
  43               		.stabs	"uint_least8_t:t(5,12)=(5,2)",128,0,164,0
  44               		.stabs	"int_least16_t:t(5,13)=(5,3)",128,0,169,0
  45               		.stabs	"uint_least16_t:t(5,14)=(5,4)",128,0,174,0
  46               		.stabs	"int_least32_t:t(5,15)=(5,5)",128,0,179,0
  47               		.stabs	"uint_least32_t:t(5,16)=(5,6)",128,0,184,0
  48               		.stabs	"int_least64_t:t(5,17)=(5,7)",128,0,192,0
  49               		.stabs	"uint_least64_t:t(5,18)=(5,8)",128,0,199,0
  50               		.stabs	"int_fast8_t:t(5,19)=(5,1)",128,0,213,0
  51               		.stabs	"uint_fast8_t:t(5,20)=(5,2)",128,0,218,0
  52               		.stabs	"int_fast16_t:t(5,21)=(5,3)",128,0,223,0
  53               		.stabs	"uint_fast16_t:t(5,22)=(5,4)",128,0,228,0
  54               		.stabs	"int_fast32_t:t(5,23)=(5,5)",128,0,233,0
  55               		.stabs	"uint_fast32_t:t(5,24)=(5,6)",128,0,238,0
  56               		.stabs	"int_fast64_t:t(5,25)=(5,7)",128,0,246,0
  57               		.stabs	"uint_fast64_t:t(5,26)=(5,8)",128,0,253,0
GAS LISTING /tmp/ccJOwwFX.s 			page 2


  58               		.stabs	"intmax_t:t(5,27)=(5,7)",128,0,273,0
  59               		.stabs	"uintmax_t:t(5,28)=(5,8)",128,0,278,0
  60               		.stabn	162,0,0,0
  61               		.stabn	162,0,0,0
  62               		.stabs	"int_farptr_t:t(3,1)=(5,5)",128,0,77,0
  63               		.stabs	"uint_farptr_t:t(3,2)=(5,6)",128,0,81,0
  64               		.stabn	162,0,0,0
  65               		.stabn	162,0,0,0
  66               		.stabs	"/usr/lib/gcc/avr/4.7.0/../../../avr/include/avr/fuse.h",130,0,0,0
  67               		.stabs	"__fuse_t:t(6,1)=(6,2)=s3low:(0,11),0,8;high:(0,11),8,8;extended:(0,11),16,8;;",128,0,244,0
  68               		.stabn	162,0,0,0
  69               		.stabn	162,0,0,0
  70               		.section	.text.startup,"ax",@progbits
  71               		.stabs	"main:F(0,1)",36,0,3,main
  72               	.global	main
  73               		.type	main, @function
  74               	main:
  75               		.stabd	46,0,0
   1:main.c        **** #include <avr/io.h>
   2:main.c        **** 
   3:main.c        **** int main(void)
   4:main.c        **** {
  76               		.stabn	68,0,4,.LM0-.LFBB1
  77               	.LM0:
  78               	.LFBB1:
  79               	/* prologue: function */
  80               	/* frame size = 0 */
  81               	/* stack size = 0 */
  82               	.L__stack_usage = 0
  83               	.L10:
  84               	.LBB2:
   5:main.c        ****     for(;;)
   6:main.c        ****     {
   7:main.c        ****         if((serial_rxchars() != 0) && (queue_full() == 0)){
  85               		.stabn	68,0,7,.LM1-.LFBB1
  86               	.LM1:
  87 0000 0E94 0000 		call serial_rxchars
  88 0004 892B      		or r24,r25
  89 0006 01F0      		breq .L10
  90               		.stabn	68,0,7,.LM2-.LFBB1
  91               	.LM2:
  92 0008 0E94 0000 		call queue_full
  93 000c 892B      		or r24,r25
  94 000e 01F4      		brne .L10
  95               	.LBB3:
   8:main.c        ****             uint8_t c = serial_popchar();
  96               		.stabn	68,0,8,.LM3-.LFBB1
  97               	.LM3:
  98 0010 0E94 0000 		call serial_popchar
  99 0014 00C0      		rjmp .L10
 100               	.LBE3:
 101               	.LBE2:
 102               		.size	main, .-main
 103               	.Lscope1:
 104               		.stabs	"",36,0,0,.Lscope1-.LFBB1
 105               		.stabd	78,0,0
 106               		.text
GAS LISTING /tmp/ccJOwwFX.s 			page 3


 107               		.stabs	"",100,0,0,.Letext0
 108               	.Letext0:
 109               		.ident	"GCC: (GNU) 4.7.0"
GAS LISTING /tmp/ccJOwwFX.s 			page 4


DEFINED SYMBOLS
                            *ABS*:0000000000000000 main.c
     /tmp/ccJOwwFX.s:2      *ABS*:000000000000003e __SP_H__
     /tmp/ccJOwwFX.s:3      *ABS*:000000000000003d __SP_L__
     /tmp/ccJOwwFX.s:4      *ABS*:000000000000003f __SREG__
     /tmp/ccJOwwFX.s:5      *ABS*:0000000000000000 __tmp_reg__
     /tmp/ccJOwwFX.s:6      *ABS*:0000000000000001 __zero_reg__
     /tmp/ccJOwwFX.s:74     .text.startup:0000000000000000 main

UNDEFINED SYMBOLS
serial_rxchars
queue_full
serial_popchar
